<!DOCTYPE html PUBLIC "-//W3C//DTD XHTML 1.1//EN" "http://www.w3.org/TR/xhtml11/DTD/xhtml11.dtd">
<html xmlns="http://www.w3.org/1999/xhtml">
<head>
<meta http-equiv="content-type" content="text/html; charset=UTF-8"/>
<title>TestNG Report</title>
<style type="text/css">table {margin-bottom:10px;border-collapse:collapse;empty-cells:show}th,td {border:1px solid #009;padding:.25em .5em}th {vertical-align:bottom}td {vertical-align:top}table a {font-weight:bold}.stripe td {background-color: #E6EBF9}.num {text-align:right}.passedodd td {background-color: #3F3}.passedeven td {background-color: #0A0}.skippedodd td {background-color: #DDD}.skippedeven td {background-color: #CCC}.failedodd td,.attn {background-color: #F33}.failedeven td,.stripe .attn {background-color: #D00}.stacktrace {white-space:pre;font-family:monospace}.totop {font-size:85%;text-align:center;border-bottom:2px solid #000}.invisible {display:none}</style>
</head>
<body>
<table>
<tr><th>Test</th><th># Passed</th><th># Skipped</th><th># Retried</th><th># Failed</th><th>Time (ms)</th><th>Included Groups</th><th>Excluded Groups</th></tr>
<tr><th colspan="8">Suite</th></tr>
<tr><td><a href="#t0">Book a Flight</a></td><td class="num">0</td><td class="num attn">2</td><td class="num">0</td><td class="num">0</td><td class="num">7,053</td><td></td><td></td></tr>
<tr class="stripe"><td><a href="#t1">User_Registration</a></td><td class="num">0</td><td class="num attn">2</td><td class="num">0</td><td class="num">0</td><td class="num">7,055</td><td></td><td></td></tr>
<tr><th>Total</th><th class="num">0</th><th class="num attn">4</th><th class="num">0</th><th class="num">0</th><th class="num">14,108</th><th colspan="2"></th></tr>
</table>
<table id='summary'><thead><tr><th>Class</th><th>Method</th><th>Start</th><th>Time (ms)</th></tr></thead><tbody><tr><th colspan="4">Suite</th></tr></tbody><tbody id="t0"><tr><th colspan="4">Book a Flight &#8212; failed (configuration methods)</th></tr><tr class="failedeven"><td rowspan="1">testCases.FlightBook</td><td><a href="#m0">initilizeDriver</a></td><td rowspan="1">1605210727879</td><td rowspan="1">6168</td></tr><tr><th colspan="4">Book a Flight &#8212; skipped (configuration methods)</th></tr><tr class="skippedeven"><td rowspan="3">testCases.FlightBook</td><td><a href="#m1">initilizeDriver</a></td><td rowspan="1">1605210734084</td><td rowspan="1">-1605210734084</td></tr><tr class="skippedeven"><td><a href="#m2">quitDriver</a></td><td rowspan="2">1605210734087</td><td rowspan="2">-1605210734087</td></tr><tr class="skippedeven"><td><a href="#m3">quitDriver</a></td></tr><tr><th colspan="4">Book a Flight &#8212; skipped</th></tr><tr class="skippedeven"><td rowspan="2">testCases.FlightBook</td><td><a href="#m4">BookFlight</a></td><td rowspan="2">1605210734082</td><td rowspan="2">0</td></tr><tr class="skippedeven"><td><a href="#m5">BookFlight</a></td></tr></tbody>
<tbody id="t1"><tr><th colspan="4">User_Registration &#8212; failed (configuration methods)</th></tr><tr class="failedeven"><td rowspan="1">testCases.UsrRegistration</td><td><a href="#m6">initilizeDriver</a></td><td rowspan="1">1605210727892</td><td rowspan="1">6155</td></tr><tr><th colspan="4">User_Registration &#8212; skipped (configuration methods)</th></tr><tr class="skippedeven"><td rowspan="3">testCases.UsrRegistration</td><td><a href="#m7">initilizeDriver</a></td><td rowspan="1">1605210734085</td><td rowspan="1">-1605210734085</td></tr><tr class="skippedeven"><td><a href="#m8">quitDriver</a></td><td rowspan="2">1605210734091</td><td rowspan="2">-1605210734091</td></tr><tr class="skippedeven"><td><a href="#m9">quitDriver</a></td></tr><tr><th colspan="4">User_Registration &#8212; skipped</th></tr><tr class="skippedeven"><td rowspan="2">testCases.UsrRegistration</td><td><a href="#m10">RegisterUser</a></td><td rowspan="2">1605210734086</td><td rowspan="2">0</td></tr><tr class="skippedeven"><td><a href="#m11">RegisterUser</a></td></tr></tbody>
</table>
<h2>Book a Flight</h2><h3 id="m0">testCases.FlightBook#initilizeDriver</h3><table class="result"><tr><th>Exception</th></tr><tr><td><div class="stacktrace">org.openqa.selenium.SessionNotCreatedException: session not created: This version of ChromeDriver only supports Chrome version 83
Build info: version: &apos;3.141.59&apos;, revision: &apos;e82be7d358&apos;, time: &apos;2018-11-14T08:17:03&apos;
System info: host: &apos;LAP-NJ-10065372&apos;, ip: &apos;172.26.28.20&apos;, os.name: &apos;Windows 10&apos;, os.arch: &apos;amd64&apos;, os.version: &apos;10.0&apos;, java.version: &apos;1.8.0_261&apos;
Driver info: driver.version: ChromeDriver
remote stacktrace: Backtrace:
	Ordinal0 [0x01229563+2725219]
	Ordinal0 [0x01128551+1672529]
	Ordinal0 [0x01010359+525145]
	Ordinal0 [0x00FA0B77+68471]
	Ordinal0 [0x00F9D32C+54060]
	Ordinal0 [0x00FBCC37+183351]
	Ordinal0 [0x00FBCA3D+182845]
	Ordinal0 [0x00FBA94B+174411]
	Ordinal0 [0x00FA2528+75048]
	Ordinal0 [0x00FA35A0+79264]
	Ordinal0 [0x00FA3539+79161]
	Ordinal0 [0x0113D607+1758727]
	GetHandleVerifier [0x01346546+1050150]
	GetHandleVerifier [0x01346291+1049457]
	GetHandleVerifier [0x013510D7+1094071]
	GetHandleVerifier [0x01346B46+1051686]
	Ordinal0 [0x01135B06+1727238]
	Ordinal0 [0x0113EB7B+1764219]
	Ordinal0 [0x0113ECE3+1764579]
	Ordinal0 [0x01154C05+1854469]
	BaseThreadInitThunk [0x74688494+36]
	RtlAreBitsSet [0x77734328+136]
	RtlAreBitsSet [0x777342F8+88]

	at org.openqa.selenium.remote.W3CHandshakeResponse.lambda$errorHandler$0(W3CHandshakeResponse.java:62)
	at org.openqa.selenium.remote.HandshakeResponse.lambda$getResponseFunction$0(HandshakeResponse.java:30)
	at org.openqa.selenium.remote.ProtocolHandshake.lambda$createSession$0(ProtocolHandshake.java:126)
	at java.util.stream.ReferencePipeline$3$1.accept(ReferencePipeline.java:193)
	at java.util.Spliterators$ArraySpliterator.tryAdvance(Spliterators.java:958)
	at java.util.stream.ReferencePipeline.forEachWithCancel(ReferencePipeline.java:126)
	at java.util.stream.AbstractPipeline.copyIntoWithCancel(AbstractPipeline.java:499)
	at java.util.stream.AbstractPipeline.copyInto(AbstractPipeline.java:486)
	at java.util.stream.AbstractPipeline.wrapAndCopyInto(AbstractPipeline.java:472)
	at java.util.stream.FindOps$FindOp.evaluateSequential(FindOps.java:152)
	at java.util.stream.AbstractPipeline.evaluate(AbstractPipeline.java:234)
	at java.util.stream.ReferencePipeline.findFirst(ReferencePipeline.java:464)
	at org.openqa.selenium.remote.ProtocolHandshake.createSession(ProtocolHandshake.java:128)
	at org.openqa.selenium.remote.ProtocolHandshake.createSession(ProtocolHandshake.java:74)
	at org.openqa.selenium.remote.HttpCommandExecutor.execute(HttpCommandExecutor.java:136)
	at org.openqa.selenium.remote.service.DriverCommandExecutor.execute(DriverCommandExecutor.java:83)
	at org.openqa.selenium.remote.RemoteWebDriver.execute(RemoteWebDriver.java:552)
	at org.openqa.selenium.remote.RemoteWebDriver.startSession(RemoteWebDriver.java:213)
	at org.openqa.selenium.remote.RemoteWebDriver.&lt;init&gt;(RemoteWebDriver.java:131)
	at org.openqa.selenium.chrome.ChromeDriver.&lt;init&gt;(ChromeDriver.java:181)
	at org.openqa.selenium.chrome.ChromeDriver.&lt;init&gt;(ChromeDriver.java:168)
	at org.openqa.selenium.chrome.ChromeDriver.&lt;init&gt;(ChromeDriver.java:123)
	at GUIUtils.BrowserFactory.StartApp(BrowserFactory.java:16)
	at GUIBase.Base.initilizeDriver(Base.java:45)
	at java.util.ArrayList.forEach(ArrayList.java:1259)
	at java.util.concurrent.FutureTask.run(FutureTask.java:266)
	at java.util.concurrent.ThreadPoolExecutor.runWorker(ThreadPoolExecutor.java:1149)
	at java.util.concurrent.ThreadPoolExecutor$Worker.run(ThreadPoolExecutor.java:624)
	at java.lang.Thread.run(Thread.java:748)
... Removed 26 stack frames</div></td></tr></table><p class="totop"><a href="#summary">back to summary</a></p>
<h3 id="m1">testCases.FlightBook#initilizeDriver</h3><table class="result"><tr><th class="invisible"/></tr></table><p class="totop"><a href="#summary">back to summary</a></p>
<h3 id="m2">testCases.FlightBook#quitDriver</h3><table class="result"><tr><th class="invisible"/></tr></table><p class="totop"><a href="#summary">back to summary</a></p>
<h3 id="m3">testCases.FlightBook#quitDriver</h3><table class="result"><tr><th class="invisible"/></tr></table><p class="totop"><a href="#summary">back to summary</a></p>
<h3 id="m4">testCases.FlightBook#BookFlight</h3><table class="result"><tr><th>Exception</th></tr><tr><td><div class="stacktrace">org.openqa.selenium.SessionNotCreatedException: session not created: This version of ChromeDriver only supports Chrome version 83
Build info: version: &apos;3.141.59&apos;, revision: &apos;e82be7d358&apos;, time: &apos;2018-11-14T08:17:03&apos;
System info: host: &apos;LAP-NJ-10065372&apos;, ip: &apos;172.26.28.20&apos;, os.name: &apos;Windows 10&apos;, os.arch: &apos;amd64&apos;, os.version: &apos;10.0&apos;, java.version: &apos;1.8.0_261&apos;
Driver info: driver.version: ChromeDriver
remote stacktrace: Backtrace:
	Ordinal0 [0x01229563+2725219]
	Ordinal0 [0x01128551+1672529]
	Ordinal0 [0x01010359+525145]
	Ordinal0 [0x00FA0B77+68471]
	Ordinal0 [0x00F9D32C+54060]
	Ordinal0 [0x00FBCC37+183351]
	Ordinal0 [0x00FBCA3D+182845]
	Ordinal0 [0x00FBA94B+174411]
	Ordinal0 [0x00FA2528+75048]
	Ordinal0 [0x00FA35A0+79264]
	Ordinal0 [0x00FA3539+79161]
	Ordinal0 [0x0113D607+1758727]
	GetHandleVerifier [0x01346546+1050150]
	GetHandleVerifier [0x01346291+1049457]
	GetHandleVerifier [0x013510D7+1094071]
	GetHandleVerifier [0x01346B46+1051686]
	Ordinal0 [0x01135B06+1727238]
	Ordinal0 [0x0113EB7B+1764219]
	Ordinal0 [0x0113ECE3+1764579]
	Ordinal0 [0x01154C05+1854469]
	BaseThreadInitThunk [0x74688494+36]
	RtlAreBitsSet [0x77734328+136]
	RtlAreBitsSet [0x777342F8+88]

	at org.openqa.selenium.remote.W3CHandshakeResponse.lambda$errorHandler$0(W3CHandshakeResponse.java:62)
	at org.openqa.selenium.remote.HandshakeResponse.lambda$getResponseFunction$0(HandshakeResponse.java:30)
	at org.openqa.selenium.remote.ProtocolHandshake.lambda$createSession$0(ProtocolHandshake.java:126)
	at java.util.stream.ReferencePipeline$3$1.accept(ReferencePipeline.java:193)
	at java.util.Spliterators$ArraySpliterator.tryAdvance(Spliterators.java:958)
	at java.util.stream.ReferencePipeline.forEachWithCancel(ReferencePipeline.java:126)
	at java.util.stream.AbstractPipeline.copyIntoWithCancel(AbstractPipeline.java:499)
	at java.util.stream.AbstractPipeline.copyInto(AbstractPipeline.java:486)
	at java.util.stream.AbstractPipeline.wrapAndCopyInto(AbstractPipeline.java:472)
	at java.util.stream.FindOps$FindOp.evaluateSequential(FindOps.java:152)
	at java.util.stream.AbstractPipeline.evaluate(AbstractPipeline.java:234)
	at java.util.stream.ReferencePipeline.findFirst(ReferencePipeline.java:464)
	at org.openqa.selenium.remote.ProtocolHandshake.createSession(ProtocolHandshake.java:128)
	at org.openqa.selenium.remote.ProtocolHandshake.createSession(ProtocolHandshake.java:74)
	at org.openqa.selenium.remote.HttpCommandExecutor.execute(HttpCommandExecutor.java:136)
	at org.openqa.selenium.remote.service.DriverCommandExecutor.execute(DriverCommandExecutor.java:83)
	at org.openqa.selenium.remote.RemoteWebDriver.execute(RemoteWebDriver.java:552)
	at org.openqa.selenium.remote.RemoteWebDriver.startSession(RemoteWebDriver.java:213)
	at org.openqa.selenium.remote.RemoteWebDriver.&lt;init&gt;(RemoteWebDriver.java:131)
	at org.openqa.selenium.chrome.ChromeDriver.&lt;init&gt;(ChromeDriver.java:181)
	at org.openqa.selenium.chrome.ChromeDriver.&lt;init&gt;(ChromeDriver.java:168)
	at org.openqa.selenium.chrome.ChromeDriver.&lt;init&gt;(ChromeDriver.java:123)
	at GUIUtils.BrowserFactory.StartApp(BrowserFactory.java:16)
	at GUIBase.Base.initilizeDriver(Base.java:45)
	at java.util.ArrayList.forEach(ArrayList.java:1259)
	at java.util.concurrent.FutureTask.run(FutureTask.java:266)
	at java.util.concurrent.ThreadPoolExecutor.runWorker(ThreadPoolExecutor.java:1149)
	at java.util.concurrent.ThreadPoolExecutor$Worker.run(ThreadPoolExecutor.java:624)
	at java.lang.Thread.run(Thread.java:748)
... Removed 26 stack frames</div></td></tr></table><p class="totop"><a href="#summary">back to summary</a></p>
<h3 id="m5">testCases.FlightBook#BookFlight</h3><table class="result"><tr><th>Exception</th></tr><tr><td><div class="stacktrace">org.openqa.selenium.SessionNotCreatedException: session not created: This version of ChromeDriver only supports Chrome version 83
Build info: version: &apos;3.141.59&apos;, revision: &apos;e82be7d358&apos;, time: &apos;2018-11-14T08:17:03&apos;
System info: host: &apos;LAP-NJ-10065372&apos;, ip: &apos;172.26.28.20&apos;, os.name: &apos;Windows 10&apos;, os.arch: &apos;amd64&apos;, os.version: &apos;10.0&apos;, java.version: &apos;1.8.0_261&apos;
Driver info: driver.version: ChromeDriver
remote stacktrace: Backtrace:
	Ordinal0 [0x01229563+2725219]
	Ordinal0 [0x01128551+1672529]
	Ordinal0 [0x01010359+525145]
	Ordinal0 [0x00FA0B77+68471]
	Ordinal0 [0x00F9D32C+54060]
	Ordinal0 [0x00FBCC37+183351]
	Ordinal0 [0x00FBCA3D+182845]
	Ordinal0 [0x00FBA94B+174411]
	Ordinal0 [0x00FA2528+75048]
	Ordinal0 [0x00FA35A0+79264]
	Ordinal0 [0x00FA3539+79161]
	Ordinal0 [0x0113D607+1758727]
	GetHandleVerifier [0x01346546+1050150]
	GetHandleVerifier [0x01346291+1049457]
	GetHandleVerifier [0x013510D7+1094071]
	GetHandleVerifier [0x01346B46+1051686]
	Ordinal0 [0x01135B06+1727238]
	Ordinal0 [0x0113EB7B+1764219]
	Ordinal0 [0x0113ECE3+1764579]
	Ordinal0 [0x01154C05+1854469]
	BaseThreadInitThunk [0x74688494+36]
	RtlAreBitsSet [0x77734328+136]
	RtlAreBitsSet [0x777342F8+88]

	at org.openqa.selenium.remote.W3CHandshakeResponse.lambda$errorHandler$0(W3CHandshakeResponse.java:62)
	at org.openqa.selenium.remote.HandshakeResponse.lambda$getResponseFunction$0(HandshakeResponse.java:30)
	at org.openqa.selenium.remote.ProtocolHandshake.lambda$createSession$0(ProtocolHandshake.java:126)
	at java.util.stream.ReferencePipeline$3$1.accept(ReferencePipeline.java:193)
	at java.util.Spliterators$ArraySpliterator.tryAdvance(Spliterators.java:958)
	at java.util.stream.ReferencePipeline.forEachWithCancel(ReferencePipeline.java:126)
	at java.util.stream.AbstractPipeline.copyIntoWithCancel(AbstractPipeline.java:499)
	at java.util.stream.AbstractPipeline.copyInto(AbstractPipeline.java:486)
	at java.util.stream.AbstractPipeline.wrapAndCopyInto(AbstractPipeline.java:472)
	at java.util.stream.FindOps$FindOp.evaluateSequential(FindOps.java:152)
	at java.util.stream.AbstractPipeline.evaluate(AbstractPipeline.java:234)
	at java.util.stream.ReferencePipeline.findFirst(ReferencePipeline.java:464)
	at org.openqa.selenium.remote.ProtocolHandshake.createSession(ProtocolHandshake.java:128)
	at org.openqa.selenium.remote.ProtocolHandshake.createSession(ProtocolHandshake.java:74)
	at org.openqa.selenium.remote.HttpCommandExecutor.execute(HttpCommandExecutor.java:136)
	at org.openqa.selenium.remote.service.DriverCommandExecutor.execute(DriverCommandExecutor.java:83)
	at org.openqa.selenium.remote.RemoteWebDriver.execute(RemoteWebDriver.java:552)
	at org.openqa.selenium.remote.RemoteWebDriver.startSession(RemoteWebDriver.java:213)
	at org.openqa.selenium.remote.RemoteWebDriver.&lt;init&gt;(RemoteWebDriver.java:131)
	at org.openqa.selenium.chrome.ChromeDriver.&lt;init&gt;(ChromeDriver.java:181)
	at org.openqa.selenium.chrome.ChromeDriver.&lt;init&gt;(ChromeDriver.java:168)
	at org.openqa.selenium.chrome.ChromeDriver.&lt;init&gt;(ChromeDriver.java:123)
	at GUIUtils.BrowserFactory.StartApp(BrowserFactory.java:16)
	at GUIBase.Base.initilizeDriver(Base.java:45)
	at java.util.ArrayList.forEach(ArrayList.java:1259)
	at java.util.concurrent.FutureTask.run(FutureTask.java:266)
	at java.util.concurrent.ThreadPoolExecutor.runWorker(ThreadPoolExecutor.java:1149)
	at java.util.concurrent.ThreadPoolExecutor$Worker.run(ThreadPoolExecutor.java:624)
	at java.lang.Thread.run(Thread.java:748)
... Removed 26 stack frames</div></td></tr></table><p class="totop"><a href="#summary">back to summary</a></p>
<h2>User_Registration</h2><h3 id="m6">testCases.UsrRegistration#initilizeDriver</h3><table class="result"><tr><th>Exception</th></tr><tr><td><div class="stacktrace">org.openqa.selenium.SessionNotCreatedException: session not created: This version of ChromeDriver only supports Chrome version 83
Build info: version: &apos;3.141.59&apos;, revision: &apos;e82be7d358&apos;, time: &apos;2018-11-14T08:17:03&apos;
System info: host: &apos;LAP-NJ-10065372&apos;, ip: &apos;172.26.28.20&apos;, os.name: &apos;Windows 10&apos;, os.arch: &apos;amd64&apos;, os.version: &apos;10.0&apos;, java.version: &apos;1.8.0_261&apos;
Driver info: driver.version: ChromeDriver
remote stacktrace: Backtrace:
	Ordinal0 [0x01229563+2725219]
	Ordinal0 [0x01128551+1672529]
	Ordinal0 [0x01010359+525145]
	Ordinal0 [0x00FA0B77+68471]
	Ordinal0 [0x00F9D32C+54060]
	Ordinal0 [0x00FBCC37+183351]
	Ordinal0 [0x00FBCA3D+182845]
	Ordinal0 [0x00FBA94B+174411]
	Ordinal0 [0x00FA2528+75048]
	Ordinal0 [0x00FA35A0+79264]
	Ordinal0 [0x00FA3539+79161]
	Ordinal0 [0x0113D607+1758727]
	GetHandleVerifier [0x01346546+1050150]
	GetHandleVerifier [0x01346291+1049457]
	GetHandleVerifier [0x013510D7+1094071]
	GetHandleVerifier [0x01346B46+1051686]
	Ordinal0 [0x01135B06+1727238]
	Ordinal0 [0x0113EB7B+1764219]
	Ordinal0 [0x0113ECE3+1764579]
	Ordinal0 [0x01154C05+1854469]
	BaseThreadInitThunk [0x74688494+36]
	RtlAreBitsSet [0x77734328+136]
	RtlAreBitsSet [0x777342F8+88]

	at org.openqa.selenium.remote.W3CHandshakeResponse.lambda$errorHandler$0(W3CHandshakeResponse.java:62)
	at org.openqa.selenium.remote.HandshakeResponse.lambda$getResponseFunction$0(HandshakeResponse.java:30)
	at org.openqa.selenium.remote.ProtocolHandshake.lambda$createSession$0(ProtocolHandshake.java:126)
	at java.util.stream.ReferencePipeline$3$1.accept(ReferencePipeline.java:193)
	at java.util.Spliterators$ArraySpliterator.tryAdvance(Spliterators.java:958)
	at java.util.stream.ReferencePipeline.forEachWithCancel(ReferencePipeline.java:126)
	at java.util.stream.AbstractPipeline.copyIntoWithCancel(AbstractPipeline.java:499)
	at java.util.stream.AbstractPipeline.copyInto(AbstractPipeline.java:486)
	at java.util.stream.AbstractPipeline.wrapAndCopyInto(AbstractPipeline.java:472)
	at java.util.stream.FindOps$FindOp.evaluateSequential(FindOps.java:152)
	at java.util.stream.AbstractPipeline.evaluate(AbstractPipeline.java:234)
	at java.util.stream.ReferencePipeline.findFirst(ReferencePipeline.java:464)
	at org.openqa.selenium.remote.ProtocolHandshake.createSession(ProtocolHandshake.java:128)
	at org.openqa.selenium.remote.ProtocolHandshake.createSession(ProtocolHandshake.java:74)
	at org.openqa.selenium.remote.HttpCommandExecutor.execute(HttpCommandExecutor.java:136)
	at org.openqa.selenium.remote.service.DriverCommandExecutor.execute(DriverCommandExecutor.java:83)
	at org.openqa.selenium.remote.RemoteWebDriver.execute(RemoteWebDriver.java:552)
	at org.openqa.selenium.remote.RemoteWebDriver.startSession(RemoteWebDriver.java:213)
	at org.openqa.selenium.remote.RemoteWebDriver.&lt;init&gt;(RemoteWebDriver.java:131)
	at org.openqa.selenium.chrome.ChromeDriver.&lt;init&gt;(ChromeDriver.java:181)
	at org.openqa.selenium.chrome.ChromeDriver.&lt;init&gt;(ChromeDriver.java:168)
	at org.openqa.selenium.chrome.ChromeDriver.&lt;init&gt;(ChromeDriver.java:123)
	at GUIUtils.BrowserFactory.StartApp(BrowserFactory.java:16)
	at GUIBase.Base.initilizeDriver(Base.java:45)
	at java.util.ArrayList.forEach(ArrayList.java:1259)
	at java.util.concurrent.FutureTask.run(FutureTask.java:266)
	at java.util.concurrent.ThreadPoolExecutor.runWorker(ThreadPoolExecutor.java:1149)
	at java.util.concurrent.ThreadPoolExecutor$Worker.run(ThreadPoolExecutor.java:624)
	at java.lang.Thread.run(Thread.java:748)
... Removed 26 stack frames</div></td></tr></table><p class="totop"><a href="#summary">back to summary</a></p>
<h3 id="m7">testCases.UsrRegistration#initilizeDriver</h3><table class="result"><tr><th class="invisible"/></tr></table><p class="totop"><a href="#summary">back to summary</a></p>
<h3 id="m8">testCases.UsrRegistration#quitDriver</h3><table class="result"><tr><th class="invisible"/></tr></table><p class="totop"><a href="#summary">back to summary</a></p>
<h3 id="m9">testCases.UsrRegistration#quitDriver</h3><table class="result"><tr><th class="invisible"/></tr></table><p class="totop"><a href="#summary">back to summary</a></p>
<h3 id="m10">testCases.UsrRegistration#RegisterUser</h3><table class="result"><tr><th>Exception</th></tr><tr><td><div class="stacktrace">org.openqa.selenium.SessionNotCreatedException: session not created: This version of ChromeDriver only supports Chrome version 83
Build info: version: &apos;3.141.59&apos;, revision: &apos;e82be7d358&apos;, time: &apos;2018-11-14T08:17:03&apos;
System info: host: &apos;LAP-NJ-10065372&apos;, ip: &apos;172.26.28.20&apos;, os.name: &apos;Windows 10&apos;, os.arch: &apos;amd64&apos;, os.version: &apos;10.0&apos;, java.version: &apos;1.8.0_261&apos;
Driver info: driver.version: ChromeDriver
remote stacktrace: Backtrace:
	Ordinal0 [0x01229563+2725219]
	Ordinal0 [0x01128551+1672529]
	Ordinal0 [0x01010359+525145]
	Ordinal0 [0x00FA0B77+68471]
	Ordinal0 [0x00F9D32C+54060]
	Ordinal0 [0x00FBCC37+183351]
	Ordinal0 [0x00FBCA3D+182845]
	Ordinal0 [0x00FBA94B+174411]
	Ordinal0 [0x00FA2528+75048]
	Ordinal0 [0x00FA35A0+79264]
	Ordinal0 [0x00FA3539+79161]
	Ordinal0 [0x0113D607+1758727]
	GetHandleVerifier [0x01346546+1050150]
	GetHandleVerifier [0x01346291+1049457]
	GetHandleVerifier [0x013510D7+1094071]
	GetHandleVerifier [0x01346B46+1051686]
	Ordinal0 [0x01135B06+1727238]
	Ordinal0 [0x0113EB7B+1764219]
	Ordinal0 [0x0113ECE3+1764579]
	Ordinal0 [0x01154C05+1854469]
	BaseThreadInitThunk [0x74688494+36]
	RtlAreBitsSet [0x77734328+136]
	RtlAreBitsSet [0x777342F8+88]

	at org.openqa.selenium.remote.W3CHandshakeResponse.lambda$errorHandler$0(W3CHandshakeResponse.java:62)
	at org.openqa.selenium.remote.HandshakeResponse.lambda$getResponseFunction$0(HandshakeResponse.java:30)
	at org.openqa.selenium.remote.ProtocolHandshake.lambda$createSession$0(ProtocolHandshake.java:126)
	at java.util.stream.ReferencePipeline$3$1.accept(ReferencePipeline.java:193)
	at java.util.Spliterators$ArraySpliterator.tryAdvance(Spliterators.java:958)
	at java.util.stream.ReferencePipeline.forEachWithCancel(ReferencePipeline.java:126)
	at java.util.stream.AbstractPipeline.copyIntoWithCancel(AbstractPipeline.java:499)
	at java.util.stream.AbstractPipeline.copyInto(AbstractPipeline.java:486)
	at java.util.stream.AbstractPipeline.wrapAndCopyInto(AbstractPipeline.java:472)
	at java.util.stream.FindOps$FindOp.evaluateSequential(FindOps.java:152)
	at java.util.stream.AbstractPipeline.evaluate(AbstractPipeline.java:234)
	at java.util.stream.ReferencePipeline.findFirst(ReferencePipeline.java:464)
	at org.openqa.selenium.remote.ProtocolHandshake.createSession(ProtocolHandshake.java:128)
	at org.openqa.selenium.remote.ProtocolHandshake.createSession(ProtocolHandshake.java:74)
	at org.openqa.selenium.remote.HttpCommandExecutor.execute(HttpCommandExecutor.java:136)
	at org.openqa.selenium.remote.service.DriverCommandExecutor.execute(DriverCommandExecutor.java:83)
	at org.openqa.selenium.remote.RemoteWebDriver.execute(RemoteWebDriver.java:552)
	at org.openqa.selenium.remote.RemoteWebDriver.startSession(RemoteWebDriver.java:213)
	at org.openqa.selenium.remote.RemoteWebDriver.&lt;init&gt;(RemoteWebDriver.java:131)
	at org.openqa.selenium.chrome.ChromeDriver.&lt;init&gt;(ChromeDriver.java:181)
	at org.openqa.selenium.chrome.ChromeDriver.&lt;init&gt;(ChromeDriver.java:168)
	at org.openqa.selenium.chrome.ChromeDriver.&lt;init&gt;(ChromeDriver.java:123)
	at GUIUtils.BrowserFactory.StartApp(BrowserFactory.java:16)
	at GUIBase.Base.initilizeDriver(Base.java:45)
	at java.util.ArrayList.forEach(ArrayList.java:1259)
	at java.util.concurrent.FutureTask.run(FutureTask.java:266)
	at java.util.concurrent.ThreadPoolExecutor.runWorker(ThreadPoolExecutor.java:1149)
	at java.util.concurrent.ThreadPoolExecutor$Worker.run(ThreadPoolExecutor.java:624)
	at java.lang.Thread.run(Thread.java:748)
... Removed 26 stack frames</div></td></tr></table><p class="totop"><a href="#summary">back to summary</a></p>
<h3 id="m11">testCases.UsrRegistration#RegisterUser</h3><table class="result"><tr><th>Exception</th></tr><tr><td><div class="stacktrace">org.openqa.selenium.SessionNotCreatedException: session not created: This version of ChromeDriver only supports Chrome version 83
Build info: version: &apos;3.141.59&apos;, revision: &apos;e82be7d358&apos;, time: &apos;2018-11-14T08:17:03&apos;
System info: host: &apos;LAP-NJ-10065372&apos;, ip: &apos;172.26.28.20&apos;, os.name: &apos;Windows 10&apos;, os.arch: &apos;amd64&apos;, os.version: &apos;10.0&apos;, java.version: &apos;1.8.0_261&apos;
Driver info: driver.version: ChromeDriver
remote stacktrace: Backtrace:
	Ordinal0 [0x01229563+2725219]
	Ordinal0 [0x01128551+1672529]
	Ordinal0 [0x01010359+525145]
	Ordinal0 [0x00FA0B77+68471]
	Ordinal0 [0x00F9D32C+54060]
	Ordinal0 [0x00FBCC37+183351]
	Ordinal0 [0x00FBCA3D+182845]
	Ordinal0 [0x00FBA94B+174411]
	Ordinal0 [0x00FA2528+75048]
	Ordinal0 [0x00FA35A0+79264]
	Ordinal0 [0x00FA3539+79161]
	Ordinal0 [0x0113D607+1758727]
	GetHandleVerifier [0x01346546+1050150]
	GetHandleVerifier [0x01346291+1049457]
	GetHandleVerifier [0x013510D7+1094071]
	GetHandleVerifier [0x01346B46+1051686]
	Ordinal0 [0x01135B06+1727238]
	Ordinal0 [0x0113EB7B+1764219]
	Ordinal0 [0x0113ECE3+1764579]
	Ordinal0 [0x01154C05+1854469]
	BaseThreadInitThunk [0x74688494+36]
	RtlAreBitsSet [0x77734328+136]
	RtlAreBitsSet [0x777342F8+88]

	at org.openqa.selenium.remote.W3CHandshakeResponse.lambda$errorHandler$0(W3CHandshakeResponse.java:62)
	at org.openqa.selenium.remote.HandshakeResponse.lambda$getResponseFunction$0(HandshakeResponse.java:30)
	at org.openqa.selenium.remote.ProtocolHandshake.lambda$createSession$0(ProtocolHandshake.java:126)
	at java.util.stream.ReferencePipeline$3$1.accept(ReferencePipeline.java:193)
	at java.util.Spliterators$ArraySpliterator.tryAdvance(Spliterators.java:958)
	at java.util.stream.ReferencePipeline.forEachWithCancel(ReferencePipeline.java:126)
	at java.util.stream.AbstractPipeline.copyIntoWithCancel(AbstractPipeline.java:499)
	at java.util.stream.AbstractPipeline.copyInto(AbstractPipeline.java:486)
	at java.util.stream.AbstractPipeline.wrapAndCopyInto(AbstractPipeline.java:472)
	at java.util.stream.FindOps$FindOp.evaluateSequential(FindOps.java:152)
	at java.util.stream.AbstractPipeline.evaluate(AbstractPipeline.java:234)
	at java.util.stream.ReferencePipeline.findFirst(ReferencePipeline.java:464)
	at org.openqa.selenium.remote.ProtocolHandshake.createSession(ProtocolHandshake.java:128)
	at org.openqa.selenium.remote.ProtocolHandshake.createSession(ProtocolHandshake.java:74)
	at org.openqa.selenium.remote.HttpCommandExecutor.execute(HttpCommandExecutor.java:136)
	at org.openqa.selenium.remote.service.DriverCommandExecutor.execute(DriverCommandExecutor.java:83)
	at org.openqa.selenium.remote.RemoteWebDriver.execute(RemoteWebDriver.java:552)
	at org.openqa.selenium.remote.RemoteWebDriver.startSession(RemoteWebDriver.java:213)
	at org.openqa.selenium.remote.RemoteWebDriver.&lt;init&gt;(RemoteWebDriver.java:131)
	at org.openqa.selenium.chrome.ChromeDriver.&lt;init&gt;(ChromeDriver.java:181)
	at org.openqa.selenium.chrome.ChromeDriver.&lt;init&gt;(ChromeDriver.java:168)
	at org.openqa.selenium.chrome.ChromeDriver.&lt;init&gt;(ChromeDriver.java:123)
	at GUIUtils.BrowserFactory.StartApp(BrowserFactory.java:16)
	at GUIBase.Base.initilizeDriver(Base.java:45)
	at java.util.ArrayList.forEach(ArrayList.java:1259)
	at java.util.concurrent.FutureTask.run(FutureTask.java:266)
	at java.util.concurrent.ThreadPoolExecutor.runWorker(ThreadPoolExecutor.java:1149)
	at java.util.concurrent.ThreadPoolExecutor$Worker.run(ThreadPoolExecutor.java:624)
	at java.lang.Thread.run(Thread.java:748)
... Removed 26 stack frames</div></td></tr></table><p class="totop"><a href="#summary">back to summary</a></p>
</body>
</html>
