<?xml version="1.0" encoding="UTF-8"?>
<testng-results skipped="4" failed="0" ignored="0" total="4" passed="0">
  <reporter-output>
  </reporter-output>
  <suite name="Suite" duration-ms="10035" started-at="2020-10-24T19:48:25 EDT" finished-at="2020-10-24T19:48:35 EDT">
    <groups>
    </groups>
    <test name="Book a Flight" duration-ms="10035" started-at="2020-10-24T19:48:25 EDT" finished-at="2020-10-24T19:48:35 EDT">
      <class name="testCases.FlightBook">
        <test-method status="PASS" signature="setupSuite()[pri:0, instance:testCases.FlightBook@22a67b4]" name="setupSuite" is-config="true" duration-ms="203" started-at="2020-10-24T19:48:25 EDT" finished-at="2020-10-24T19:48:25 EDT">
          <reporter-output>
          </reporter-output>
        </test-method> <!-- setupSuite -->
        <test-method status="FAIL" signature="initilizeDriver()[pri:0, instance:testCases.FlightBook@22a67b4]" name="initilizeDriver" is-config="true" duration-ms="8800" started-at="2020-10-24T19:48:26 EDT" finished-at="2020-10-24T19:48:35 EDT">
          <exception class="org.openqa.selenium.SessionNotCreatedException">
            <message>
              <![CDATA[session not created: This version of ChromeDriver only supports Chrome version 83
Build info: version: '3.141.59', revision: 'e82be7d358', time: '2018-11-14T08:17:03'
System info: host: 'LAP-NJ-10065372', ip: '172.26.28.37', os.name: 'Windows 10', os.arch: 'amd64', os.version: '10.0', java.version: '1.8.0_261'
Driver info: driver.version: ChromeDriver
remote stacktrace: Backtrace:
Ordinal0 [0x012F9563+2725219]
Ordinal0 [0x011F8551+1672529]
Ordinal0 [0x010E0359+525145]
Ordinal0 [0x01070B77+68471]
Ordinal0 [0x0106D32C+54060]
Ordinal0 [0x0108CC37+183351]
Ordinal0 [0x0108CA3D+182845]
Ordinal0 [0x0108A94B+174411]
Ordinal0 [0x01072528+75048]
Ordinal0 [0x010735A0+79264]
Ordinal0 [0x01073539+79161]
Ordinal0 [0x0120D607+1758727]
GetHandleVerifier [0x01416546+1050150]
GetHandleVerifier [0x01416291+1049457]
GetHandleVerifier [0x014210D7+1094071]
GetHandleVerifier [0x01416B46+1051686]
Ordinal0 [0x01205B06+1727238]
Ordinal0 [0x0120EB7B+1764219]
Ordinal0 [0x0120ECE3+1764579]
Ordinal0 [0x01224C05+1854469]
BaseThreadInitThunk [0x77418494+36]
RtlAreBitsSet [0x77684328+136]
RtlAreBitsSet [0x776842F8+88]
]]>
            </message>
            <full-stacktrace>
              <![CDATA[org.openqa.selenium.SessionNotCreatedException: session not created: This version of ChromeDriver only supports Chrome version 83
Build info: version: '3.141.59', revision: 'e82be7d358', time: '2018-11-14T08:17:03'
System info: host: 'LAP-NJ-10065372', ip: '172.26.28.37', os.name: 'Windows 10', os.arch: 'amd64', os.version: '10.0', java.version: '1.8.0_261'
Driver info: driver.version: ChromeDriver
remote stacktrace: Backtrace:
Ordinal0 [0x012F9563+2725219]
Ordinal0 [0x011F8551+1672529]
Ordinal0 [0x010E0359+525145]
Ordinal0 [0x01070B77+68471]
Ordinal0 [0x0106D32C+54060]
Ordinal0 [0x0108CC37+183351]
Ordinal0 [0x0108CA3D+182845]
Ordinal0 [0x0108A94B+174411]
Ordinal0 [0x01072528+75048]
Ordinal0 [0x010735A0+79264]
Ordinal0 [0x01073539+79161]
Ordinal0 [0x0120D607+1758727]
GetHandleVerifier [0x01416546+1050150]
GetHandleVerifier [0x01416291+1049457]
GetHandleVerifier [0x014210D7+1094071]
GetHandleVerifier [0x01416B46+1051686]
Ordinal0 [0x01205B06+1727238]
Ordinal0 [0x0120EB7B+1764219]
Ordinal0 [0x0120ECE3+1764579]
Ordinal0 [0x01224C05+1854469]
BaseThreadInitThunk [0x77418494+36]
RtlAreBitsSet [0x77684328+136]
RtlAreBitsSet [0x776842F8+88]

at sun.reflect.NativeConstructorAccessorImpl.newInstance0(Native Method)
at sun.reflect.NativeConstructorAccessorImpl.newInstance(NativeConstructorAccessorImpl.java:62)
at sun.reflect.DelegatingConstructorAccessorImpl.newInstance(DelegatingConstructorAccessorImpl.java:45)
at java.lang.reflect.Constructor.newInstance(Constructor.java:423)
at org.openqa.selenium.remote.W3CHandshakeResponse.lambda$errorHandler$0(W3CHandshakeResponse.java:62)
at org.openqa.selenium.remote.HandshakeResponse.lambda$getResponseFunction$0(HandshakeResponse.java:30)
at org.openqa.selenium.remote.ProtocolHandshake.lambda$createSession$0(ProtocolHandshake.java:126)
at java.util.stream.ReferencePipeline$3$1.accept(ReferencePipeline.java:193)
at java.util.Spliterators$ArraySpliterator.tryAdvance(Spliterators.java:958)
at java.util.stream.ReferencePipeline.forEachWithCancel(ReferencePipeline.java:126)
at java.util.stream.AbstractPipeline.copyIntoWithCancel(AbstractPipeline.java:499)
at java.util.stream.AbstractPipeline.copyInto(AbstractPipeline.java:486)
at java.util.stream.AbstractPipeline.wrapAndCopyInto(AbstractPipeline.java:472)
at java.util.stream.FindOps$FindOp.evaluateSequential(FindOps.java:152)
at java.util.stream.AbstractPipeline.evaluate(AbstractPipeline.java:234)
at java.util.stream.ReferencePipeline.findFirst(ReferencePipeline.java:464)
at org.openqa.selenium.remote.ProtocolHandshake.createSession(ProtocolHandshake.java:128)
at org.openqa.selenium.remote.ProtocolHandshake.createSession(ProtocolHandshake.java:74)
at org.openqa.selenium.remote.HttpCommandExecutor.execute(HttpCommandExecutor.java:136)
at org.openqa.selenium.remote.service.DriverCommandExecutor.execute(DriverCommandExecutor.java:83)
at org.openqa.selenium.remote.RemoteWebDriver.execute(RemoteWebDriver.java:552)
at org.openqa.selenium.remote.RemoteWebDriver.startSession(RemoteWebDriver.java:213)
at org.openqa.selenium.remote.RemoteWebDriver.<init>(RemoteWebDriver.java:131)
at org.openqa.selenium.chrome.ChromeDriver.<init>(ChromeDriver.java:181)
at org.openqa.selenium.chrome.ChromeDriver.<init>(ChromeDriver.java:168)
at org.openqa.selenium.chrome.ChromeDriver.<init>(ChromeDriver.java:123)
at GUIUtils.BrowserFactory.StartApp(BrowserFactory.java:16)
at GUIBase.Base.initilizeDriver(Base.java:45)
at sun.reflect.NativeMethodAccessorImpl.invoke0(Native Method)
at sun.reflect.NativeMethodAccessorImpl.invoke(NativeMethodAccessorImpl.java:62)
at sun.reflect.DelegatingMethodAccessorImpl.invoke(DelegatingMethodAccessorImpl.java:43)
at java.lang.reflect.Method.invoke(Method.java:498)
at org.testng.internal.MethodInvocationHelper.invokeMethod(MethodInvocationHelper.java:134)
at org.testng.internal.MethodInvocationHelper.invokeMethodConsideringTimeout(MethodInvocationHelper.java:63)
at org.testng.internal.ConfigInvoker.invokeConfigurationMethod(ConfigInvoker.java:348)
at org.testng.internal.ConfigInvoker.invokeConfigurations(ConfigInvoker.java:302)
at org.testng.internal.TestInvoker.runConfigMethods(TestInvoker.java:695)
at org.testng.internal.TestInvoker.invokeMethod(TestInvoker.java:523)
at org.testng.internal.TestInvoker.invokeTestMethod(TestInvoker.java:173)
at org.testng.internal.MethodRunner.runInSequence(MethodRunner.java:46)
at org.testng.internal.TestInvoker$MethodInvocationAgent.invoke(TestInvoker.java:816)
at org.testng.internal.TestInvoker.invokeTestMethods(TestInvoker.java:146)
at org.testng.internal.TestMethodWorker.invokeTestMethods(TestMethodWorker.java:146)
at org.testng.internal.TestMethodWorker.run(TestMethodWorker.java:128)
at java.util.ArrayList.forEach(ArrayList.java:1259)
at org.testng.TestRunner.privateRun(TestRunner.java:766)
at org.testng.TestRunner.run(TestRunner.java:587)
at org.testng.SuiteRunner.runTest(SuiteRunner.java:384)
at org.testng.SuiteRunner.access$000(SuiteRunner.java:28)
at org.testng.SuiteRunner$SuiteWorker.run(SuiteRunner.java:425)
at org.testng.internal.thread.ThreadUtil.lambda$execute$0(ThreadUtil.java:68)
at java.util.concurrent.FutureTask.run(FutureTask.java:266)
at java.util.concurrent.ThreadPoolExecutor.runWorker(ThreadPoolExecutor.java:1149)
at java.util.concurrent.ThreadPoolExecutor$Worker.run(ThreadPoolExecutor.java:624)
at java.lang.Thread.run(Thread.java:748)
]]>
            </full-stacktrace>
          </exception> <!-- org.openqa.selenium.SessionNotCreatedException -->
          <reporter-output>
          </reporter-output>
        </test-method> <!-- initilizeDriver -->
        <test-method status="SKIP" signature="BookFlight(java.util.Map)[pri:0, instance:testCases.FlightBook@22a67b4]" name="BookFlight" duration-ms="0" started-at="2020-10-24T19:48:35 EDT" data-provider="Data" finished-at="2020-10-24T19:48:35 EDT">
          <exception class="org.openqa.selenium.SessionNotCreatedException">
            <message>
              <![CDATA[session not created: This version of ChromeDriver only supports Chrome version 83
Build info: version: '3.141.59', revision: 'e82be7d358', time: '2018-11-14T08:17:03'
System info: host: 'LAP-NJ-10065372', ip: '172.26.28.37', os.name: 'Windows 10', os.arch: 'amd64', os.version: '10.0', java.version: '1.8.0_261'
Driver info: driver.version: ChromeDriver
remote stacktrace: Backtrace:
Ordinal0 [0x012F9563+2725219]
Ordinal0 [0x011F8551+1672529]
Ordinal0 [0x010E0359+525145]
Ordinal0 [0x01070B77+68471]
Ordinal0 [0x0106D32C+54060]
Ordinal0 [0x0108CC37+183351]
Ordinal0 [0x0108CA3D+182845]
Ordinal0 [0x0108A94B+174411]
Ordinal0 [0x01072528+75048]
Ordinal0 [0x010735A0+79264]
Ordinal0 [0x01073539+79161]
Ordinal0 [0x0120D607+1758727]
GetHandleVerifier [0x01416546+1050150]
GetHandleVerifier [0x01416291+1049457]
GetHandleVerifier [0x014210D7+1094071]
GetHandleVerifier [0x01416B46+1051686]
Ordinal0 [0x01205B06+1727238]
Ordinal0 [0x0120EB7B+1764219]
Ordinal0 [0x0120ECE3+1764579]
Ordinal0 [0x01224C05+1854469]
BaseThreadInitThunk [0x77418494+36]
RtlAreBitsSet [0x77684328+136]
RtlAreBitsSet [0x776842F8+88]
]]>
            </message>
            <full-stacktrace>
              <![CDATA[org.openqa.selenium.SessionNotCreatedException: session not created: This version of ChromeDriver only supports Chrome version 83
Build info: version: '3.141.59', revision: 'e82be7d358', time: '2018-11-14T08:17:03'
System info: host: 'LAP-NJ-10065372', ip: '172.26.28.37', os.name: 'Windows 10', os.arch: 'amd64', os.version: '10.0', java.version: '1.8.0_261'
Driver info: driver.version: ChromeDriver
remote stacktrace: Backtrace:
Ordinal0 [0x012F9563+2725219]
Ordinal0 [0x011F8551+1672529]
Ordinal0 [0x010E0359+525145]
Ordinal0 [0x01070B77+68471]
Ordinal0 [0x0106D32C+54060]
Ordinal0 [0x0108CC37+183351]
Ordinal0 [0x0108CA3D+182845]
Ordinal0 [0x0108A94B+174411]
Ordinal0 [0x01072528+75048]
Ordinal0 [0x010735A0+79264]
Ordinal0 [0x01073539+79161]
Ordinal0 [0x0120D607+1758727]
GetHandleVerifier [0x01416546+1050150]
GetHandleVerifier [0x01416291+1049457]
GetHandleVerifier [0x014210D7+1094071]
GetHandleVerifier [0x01416B46+1051686]
Ordinal0 [0x01205B06+1727238]
Ordinal0 [0x0120EB7B+1764219]
Ordinal0 [0x0120ECE3+1764579]
Ordinal0 [0x01224C05+1854469]
BaseThreadInitThunk [0x77418494+36]
RtlAreBitsSet [0x77684328+136]
RtlAreBitsSet [0x776842F8+88]

at sun.reflect.NativeConstructorAccessorImpl.newInstance0(Native Method)
at sun.reflect.NativeConstructorAccessorImpl.newInstance(NativeConstructorAccessorImpl.java:62)
at sun.reflect.DelegatingConstructorAccessorImpl.newInstance(DelegatingConstructorAccessorImpl.java:45)
at java.lang.reflect.Constructor.newInstance(Constructor.java:423)
at org.openqa.selenium.remote.W3CHandshakeResponse.lambda$errorHandler$0(W3CHandshakeResponse.java:62)
at org.openqa.selenium.remote.HandshakeResponse.lambda$getResponseFunction$0(HandshakeResponse.java:30)
at org.openqa.selenium.remote.ProtocolHandshake.lambda$createSession$0(ProtocolHandshake.java:126)
at java.util.stream.ReferencePipeline$3$1.accept(ReferencePipeline.java:193)
at java.util.Spliterators$ArraySpliterator.tryAdvance(Spliterators.java:958)
at java.util.stream.ReferencePipeline.forEachWithCancel(ReferencePipeline.java:126)
at java.util.stream.AbstractPipeline.copyIntoWithCancel(AbstractPipeline.java:499)
at java.util.stream.AbstractPipeline.copyInto(AbstractPipeline.java:486)
at java.util.stream.AbstractPipeline.wrapAndCopyInto(AbstractPipeline.java:472)
at java.util.stream.FindOps$FindOp.evaluateSequential(FindOps.java:152)
at java.util.stream.AbstractPipeline.evaluate(AbstractPipeline.java:234)
at java.util.stream.ReferencePipeline.findFirst(ReferencePipeline.java:464)
at org.openqa.selenium.remote.ProtocolHandshake.createSession(ProtocolHandshake.java:128)
at org.openqa.selenium.remote.ProtocolHandshake.createSession(ProtocolHandshake.java:74)
at org.openqa.selenium.remote.HttpCommandExecutor.execute(HttpCommandExecutor.java:136)
at org.openqa.selenium.remote.service.DriverCommandExecutor.execute(DriverCommandExecutor.java:83)
at org.openqa.selenium.remote.RemoteWebDriver.execute(RemoteWebDriver.java:552)
at org.openqa.selenium.remote.RemoteWebDriver.startSession(RemoteWebDriver.java:213)
at org.openqa.selenium.remote.RemoteWebDriver.<init>(RemoteWebDriver.java:131)
at org.openqa.selenium.chrome.ChromeDriver.<init>(ChromeDriver.java:181)
at org.openqa.selenium.chrome.ChromeDriver.<init>(ChromeDriver.java:168)
at org.openqa.selenium.chrome.ChromeDriver.<init>(ChromeDriver.java:123)
at GUIUtils.BrowserFactory.StartApp(BrowserFactory.java:16)
at GUIBase.Base.initilizeDriver(Base.java:45)
at sun.reflect.NativeMethodAccessorImpl.invoke0(Native Method)
at sun.reflect.NativeMethodAccessorImpl.invoke(NativeMethodAccessorImpl.java:62)
at sun.reflect.DelegatingMethodAccessorImpl.invoke(DelegatingMethodAccessorImpl.java:43)
at java.lang.reflect.Method.invoke(Method.java:498)
at org.testng.internal.MethodInvocationHelper.invokeMethod(MethodInvocationHelper.java:134)
at org.testng.internal.MethodInvocationHelper.invokeMethodConsideringTimeout(MethodInvocationHelper.java:63)
at org.testng.internal.ConfigInvoker.invokeConfigurationMethod(ConfigInvoker.java:348)
at org.testng.internal.ConfigInvoker.invokeConfigurations(ConfigInvoker.java:302)
at org.testng.internal.TestInvoker.runConfigMethods(TestInvoker.java:695)
at org.testng.internal.TestInvoker.invokeMethod(TestInvoker.java:523)
at org.testng.internal.TestInvoker.invokeTestMethod(TestInvoker.java:173)
at org.testng.internal.MethodRunner.runInSequence(MethodRunner.java:46)
at org.testng.internal.TestInvoker$MethodInvocationAgent.invoke(TestInvoker.java:816)
at org.testng.internal.TestInvoker.invokeTestMethods(TestInvoker.java:146)
at org.testng.internal.TestMethodWorker.invokeTestMethods(TestMethodWorker.java:146)
at org.testng.internal.TestMethodWorker.run(TestMethodWorker.java:128)
at java.util.ArrayList.forEach(ArrayList.java:1259)
at org.testng.TestRunner.privateRun(TestRunner.java:766)
at org.testng.TestRunner.run(TestRunner.java:587)
at org.testng.SuiteRunner.runTest(SuiteRunner.java:384)
at org.testng.SuiteRunner.access$000(SuiteRunner.java:28)
at org.testng.SuiteRunner$SuiteWorker.run(SuiteRunner.java:425)
at org.testng.internal.thread.ThreadUtil.lambda$execute$0(ThreadUtil.java:68)
at java.util.concurrent.FutureTask.run(FutureTask.java:266)
at java.util.concurrent.ThreadPoolExecutor.runWorker(ThreadPoolExecutor.java:1149)
at java.util.concurrent.ThreadPoolExecutor$Worker.run(ThreadPoolExecutor.java:624)
at java.lang.Thread.run(Thread.java:748)
]]>
            </full-stacktrace>
          </exception> <!-- org.openqa.selenium.SessionNotCreatedException -->
          <reporter-output>
          </reporter-output>
        </test-method> <!-- BookFlight -->
        <test-method status="SKIP" signature="quitDriver(org.testng.ITestResult)[pri:0, instance:testCases.FlightBook@22a67b4]" name="quitDriver" is-config="true" duration-ms="-1603583315500" started-at="2020-10-24T19:48:35 EDT" finished-at="1969-12-31T19:00:00 EST">
          <reporter-output>
          </reporter-output>
        </test-method> <!-- quitDriver -->
        <test-method status="SKIP" signature="initilizeDriver()[pri:0, instance:testCases.FlightBook@22a67b4]" name="initilizeDriver" is-config="true" duration-ms="-1603583315502" started-at="2020-10-24T19:48:35 EDT" finished-at="1969-12-31T19:00:00 EST">
          <reporter-output>
          </reporter-output>
        </test-method> <!-- initilizeDriver -->
        <test-method status="SKIP" signature="BookFlight(java.util.Map)[pri:0, instance:testCases.FlightBook@22a67b4]" name="BookFlight" duration-ms="0" started-at="2020-10-24T19:48:35 EDT" data-provider="Data" finished-at="2020-10-24T19:48:35 EDT">
          <exception class="org.openqa.selenium.SessionNotCreatedException">
            <message>
              <![CDATA[session not created: This version of ChromeDriver only supports Chrome version 83
Build info: version: '3.141.59', revision: 'e82be7d358', time: '2018-11-14T08:17:03'
System info: host: 'LAP-NJ-10065372', ip: '172.26.28.37', os.name: 'Windows 10', os.arch: 'amd64', os.version: '10.0', java.version: '1.8.0_261'
Driver info: driver.version: ChromeDriver
remote stacktrace: Backtrace:
Ordinal0 [0x012F9563+2725219]
Ordinal0 [0x011F8551+1672529]
Ordinal0 [0x010E0359+525145]
Ordinal0 [0x01070B77+68471]
Ordinal0 [0x0106D32C+54060]
Ordinal0 [0x0108CC37+183351]
Ordinal0 [0x0108CA3D+182845]
Ordinal0 [0x0108A94B+174411]
Ordinal0 [0x01072528+75048]
Ordinal0 [0x010735A0+79264]
Ordinal0 [0x01073539+79161]
Ordinal0 [0x0120D607+1758727]
GetHandleVerifier [0x01416546+1050150]
GetHandleVerifier [0x01416291+1049457]
GetHandleVerifier [0x014210D7+1094071]
GetHandleVerifier [0x01416B46+1051686]
Ordinal0 [0x01205B06+1727238]
Ordinal0 [0x0120EB7B+1764219]
Ordinal0 [0x0120ECE3+1764579]
Ordinal0 [0x01224C05+1854469]
BaseThreadInitThunk [0x77418494+36]
RtlAreBitsSet [0x77684328+136]
RtlAreBitsSet [0x776842F8+88]
]]>
            </message>
            <full-stacktrace>
              <![CDATA[org.openqa.selenium.SessionNotCreatedException: session not created: This version of ChromeDriver only supports Chrome version 83
Build info: version: '3.141.59', revision: 'e82be7d358', time: '2018-11-14T08:17:03'
System info: host: 'LAP-NJ-10065372', ip: '172.26.28.37', os.name: 'Windows 10', os.arch: 'amd64', os.version: '10.0', java.version: '1.8.0_261'
Driver info: driver.version: ChromeDriver
remote stacktrace: Backtrace:
Ordinal0 [0x012F9563+2725219]
Ordinal0 [0x011F8551+1672529]
Ordinal0 [0x010E0359+525145]
Ordinal0 [0x01070B77+68471]
Ordinal0 [0x0106D32C+54060]
Ordinal0 [0x0108CC37+183351]
Ordinal0 [0x0108CA3D+182845]
Ordinal0 [0x0108A94B+174411]
Ordinal0 [0x01072528+75048]
Ordinal0 [0x010735A0+79264]
Ordinal0 [0x01073539+79161]
Ordinal0 [0x0120D607+1758727]
GetHandleVerifier [0x01416546+1050150]
GetHandleVerifier [0x01416291+1049457]
GetHandleVerifier [0x014210D7+1094071]
GetHandleVerifier [0x01416B46+1051686]
Ordinal0 [0x01205B06+1727238]
Ordinal0 [0x0120EB7B+1764219]
Ordinal0 [0x0120ECE3+1764579]
Ordinal0 [0x01224C05+1854469]
BaseThreadInitThunk [0x77418494+36]
RtlAreBitsSet [0x77684328+136]
RtlAreBitsSet [0x776842F8+88]

at sun.reflect.NativeConstructorAccessorImpl.newInstance0(Native Method)
at sun.reflect.NativeConstructorAccessorImpl.newInstance(NativeConstructorAccessorImpl.java:62)
at sun.reflect.DelegatingConstructorAccessorImpl.newInstance(DelegatingConstructorAccessorImpl.java:45)
at java.lang.reflect.Constructor.newInstance(Constructor.java:423)
at org.openqa.selenium.remote.W3CHandshakeResponse.lambda$errorHandler$0(W3CHandshakeResponse.java:62)
at org.openqa.selenium.remote.HandshakeResponse.lambda$getResponseFunction$0(HandshakeResponse.java:30)
at org.openqa.selenium.remote.ProtocolHandshake.lambda$createSession$0(ProtocolHandshake.java:126)
at java.util.stream.ReferencePipeline$3$1.accept(ReferencePipeline.java:193)
at java.util.Spliterators$ArraySpliterator.tryAdvance(Spliterators.java:958)
at java.util.stream.ReferencePipeline.forEachWithCancel(ReferencePipeline.java:126)
at java.util.stream.AbstractPipeline.copyIntoWithCancel(AbstractPipeline.java:499)
at java.util.stream.AbstractPipeline.copyInto(AbstractPipeline.java:486)
at java.util.stream.AbstractPipeline.wrapAndCopyInto(AbstractPipeline.java:472)
at java.util.stream.FindOps$FindOp.evaluateSequential(FindOps.java:152)
at java.util.stream.AbstractPipeline.evaluate(AbstractPipeline.java:234)
at java.util.stream.ReferencePipeline.findFirst(ReferencePipeline.java:464)
at org.openqa.selenium.remote.ProtocolHandshake.createSession(ProtocolHandshake.java:128)
at org.openqa.selenium.remote.ProtocolHandshake.createSession(ProtocolHandshake.java:74)
at org.openqa.selenium.remote.HttpCommandExecutor.execute(HttpCommandExecutor.java:136)
at org.openqa.selenium.remote.service.DriverCommandExecutor.execute(DriverCommandExecutor.java:83)
at org.openqa.selenium.remote.RemoteWebDriver.execute(RemoteWebDriver.java:552)
at org.openqa.selenium.remote.RemoteWebDriver.startSession(RemoteWebDriver.java:213)
at org.openqa.selenium.remote.RemoteWebDriver.<init>(RemoteWebDriver.java:131)
at org.openqa.selenium.chrome.ChromeDriver.<init>(ChromeDriver.java:181)
at org.openqa.selenium.chrome.ChromeDriver.<init>(ChromeDriver.java:168)
at org.openqa.selenium.chrome.ChromeDriver.<init>(ChromeDriver.java:123)
at GUIUtils.BrowserFactory.StartApp(BrowserFactory.java:16)
at GUIBase.Base.initilizeDriver(Base.java:45)
at sun.reflect.NativeMethodAccessorImpl.invoke0(Native Method)
at sun.reflect.NativeMethodAccessorImpl.invoke(NativeMethodAccessorImpl.java:62)
at sun.reflect.DelegatingMethodAccessorImpl.invoke(DelegatingMethodAccessorImpl.java:43)
at java.lang.reflect.Method.invoke(Method.java:498)
at org.testng.internal.MethodInvocationHelper.invokeMethod(MethodInvocationHelper.java:134)
at org.testng.internal.MethodInvocationHelper.invokeMethodConsideringTimeout(MethodInvocationHelper.java:63)
at org.testng.internal.ConfigInvoker.invokeConfigurationMethod(ConfigInvoker.java:348)
at org.testng.internal.ConfigInvoker.invokeConfigurations(ConfigInvoker.java:302)
at org.testng.internal.TestInvoker.runConfigMethods(TestInvoker.java:695)
at org.testng.internal.TestInvoker.invokeMethod(TestInvoker.java:523)
at org.testng.internal.TestInvoker.invokeTestMethod(TestInvoker.java:173)
at org.testng.internal.MethodRunner.runInSequence(MethodRunner.java:46)
at org.testng.internal.TestInvoker$MethodInvocationAgent.invoke(TestInvoker.java:816)
at org.testng.internal.TestInvoker.invokeTestMethods(TestInvoker.java:146)
at org.testng.internal.TestMethodWorker.invokeTestMethods(TestMethodWorker.java:146)
at org.testng.internal.TestMethodWorker.run(TestMethodWorker.java:128)
at java.util.ArrayList.forEach(ArrayList.java:1259)
at org.testng.TestRunner.privateRun(TestRunner.java:766)
at org.testng.TestRunner.run(TestRunner.java:587)
at org.testng.SuiteRunner.runTest(SuiteRunner.java:384)
at org.testng.SuiteRunner.access$000(SuiteRunner.java:28)
at org.testng.SuiteRunner$SuiteWorker.run(SuiteRunner.java:425)
at org.testng.internal.thread.ThreadUtil.lambda$execute$0(ThreadUtil.java:68)
at java.util.concurrent.FutureTask.run(FutureTask.java:266)
at java.util.concurrent.ThreadPoolExecutor.runWorker(ThreadPoolExecutor.java:1149)
at java.util.concurrent.ThreadPoolExecutor$Worker.run(ThreadPoolExecutor.java:624)
at java.lang.Thread.run(Thread.java:748)
]]>
            </full-stacktrace>
          </exception> <!-- org.openqa.selenium.SessionNotCreatedException -->
          <reporter-output>
          </reporter-output>
        </test-method> <!-- BookFlight -->
        <test-method status="SKIP" signature="quitDriver(org.testng.ITestResult)[pri:0, instance:testCases.FlightBook@22a67b4]" name="quitDriver" is-config="true" duration-ms="-1603583315504" started-at="2020-10-24T19:48:35 EDT" finished-at="1969-12-31T19:00:00 EST">
          <reporter-output>
          </reporter-output>
        </test-method> <!-- quitDriver -->
        <test-method status="PASS" signature="publishReport()[pri:0, instance:testCases.FlightBook@22a67b4]" name="publishReport" is-config="true" duration-ms="3" started-at="2020-10-24T19:48:35 EDT" finished-at="2020-10-24T19:48:35 EDT">
          <reporter-output>
          </reporter-output>
        </test-method> <!-- publishReport -->
      </class> <!-- testCases.FlightBook -->
    </test> <!-- Book a Flight -->
    <test name="User_Registration" duration-ms="9997" started-at="2020-10-24T19:48:25 EDT" finished-at="2020-10-24T19:48:35 EDT">
      <class name="testCases.UsrRegistration">
        <test-method status="FAIL" signature="initilizeDriver()[pri:0, instance:testCases.UsrRegistration@2b9627bc]" name="initilizeDriver" is-config="true" duration-ms="8791" started-at="2020-10-24T19:48:26 EDT" finished-at="2020-10-24T19:48:35 EDT">
          <exception class="org.openqa.selenium.SessionNotCreatedException">
            <message>
              <![CDATA[session not created: This version of ChromeDriver only supports Chrome version 83
Build info: version: '3.141.59', revision: 'e82be7d358', time: '2018-11-14T08:17:03'
System info: host: 'LAP-NJ-10065372', ip: '172.26.28.37', os.name: 'Windows 10', os.arch: 'amd64', os.version: '10.0', java.version: '1.8.0_261'
Driver info: driver.version: ChromeDriver
remote stacktrace: Backtrace:
Ordinal0 [0x012F9563+2725219]
Ordinal0 [0x011F8551+1672529]
Ordinal0 [0x010E0359+525145]
Ordinal0 [0x01070B77+68471]
Ordinal0 [0x0106D32C+54060]
Ordinal0 [0x0108CC37+183351]
Ordinal0 [0x0108CA3D+182845]
Ordinal0 [0x0108A94B+174411]
Ordinal0 [0x01072528+75048]
Ordinal0 [0x010735A0+79264]
Ordinal0 [0x01073539+79161]
Ordinal0 [0x0120D607+1758727]
GetHandleVerifier [0x01416546+1050150]
GetHandleVerifier [0x01416291+1049457]
GetHandleVerifier [0x014210D7+1094071]
GetHandleVerifier [0x01416B46+1051686]
Ordinal0 [0x01205B06+1727238]
Ordinal0 [0x0120EB7B+1764219]
Ordinal0 [0x0120ECE3+1764579]
Ordinal0 [0x01224C05+1854469]
BaseThreadInitThunk [0x77418494+36]
RtlAreBitsSet [0x77684328+136]
RtlAreBitsSet [0x776842F8+88]
]]>
            </message>
            <full-stacktrace>
              <![CDATA[org.openqa.selenium.SessionNotCreatedException: session not created: This version of ChromeDriver only supports Chrome version 83
Build info: version: '3.141.59', revision: 'e82be7d358', time: '2018-11-14T08:17:03'
System info: host: 'LAP-NJ-10065372', ip: '172.26.28.37', os.name: 'Windows 10', os.arch: 'amd64', os.version: '10.0', java.version: '1.8.0_261'
Driver info: driver.version: ChromeDriver
remote stacktrace: Backtrace:
Ordinal0 [0x012F9563+2725219]
Ordinal0 [0x011F8551+1672529]
Ordinal0 [0x010E0359+525145]
Ordinal0 [0x01070B77+68471]
Ordinal0 [0x0106D32C+54060]
Ordinal0 [0x0108CC37+183351]
Ordinal0 [0x0108CA3D+182845]
Ordinal0 [0x0108A94B+174411]
Ordinal0 [0x01072528+75048]
Ordinal0 [0x010735A0+79264]
Ordinal0 [0x01073539+79161]
Ordinal0 [0x0120D607+1758727]
GetHandleVerifier [0x01416546+1050150]
GetHandleVerifier [0x01416291+1049457]
GetHandleVerifier [0x014210D7+1094071]
GetHandleVerifier [0x01416B46+1051686]
Ordinal0 [0x01205B06+1727238]
Ordinal0 [0x0120EB7B+1764219]
Ordinal0 [0x0120ECE3+1764579]
Ordinal0 [0x01224C05+1854469]
BaseThreadInitThunk [0x77418494+36]
RtlAreBitsSet [0x77684328+136]
RtlAreBitsSet [0x776842F8+88]

at sun.reflect.NativeConstructorAccessorImpl.newInstance0(Native Method)
at sun.reflect.NativeConstructorAccessorImpl.newInstance(NativeConstructorAccessorImpl.java:62)
at sun.reflect.DelegatingConstructorAccessorImpl.newInstance(DelegatingConstructorAccessorImpl.java:45)
at java.lang.reflect.Constructor.newInstance(Constructor.java:423)
at org.openqa.selenium.remote.W3CHandshakeResponse.lambda$errorHandler$0(W3CHandshakeResponse.java:62)
at org.openqa.selenium.remote.HandshakeResponse.lambda$getResponseFunction$0(HandshakeResponse.java:30)
at org.openqa.selenium.remote.ProtocolHandshake.lambda$createSession$0(ProtocolHandshake.java:126)
at java.util.stream.ReferencePipeline$3$1.accept(ReferencePipeline.java:193)
at java.util.Spliterators$ArraySpliterator.tryAdvance(Spliterators.java:958)
at java.util.stream.ReferencePipeline.forEachWithCancel(ReferencePipeline.java:126)
at java.util.stream.AbstractPipeline.copyIntoWithCancel(AbstractPipeline.java:499)
at java.util.stream.AbstractPipeline.copyInto(AbstractPipeline.java:486)
at java.util.stream.AbstractPipeline.wrapAndCopyInto(AbstractPipeline.java:472)
at java.util.stream.FindOps$FindOp.evaluateSequential(FindOps.java:152)
at java.util.stream.AbstractPipeline.evaluate(AbstractPipeline.java:234)
at java.util.stream.ReferencePipeline.findFirst(ReferencePipeline.java:464)
at org.openqa.selenium.remote.ProtocolHandshake.createSession(ProtocolHandshake.java:128)
at org.openqa.selenium.remote.ProtocolHandshake.createSession(ProtocolHandshake.java:74)
at org.openqa.selenium.remote.HttpCommandExecutor.execute(HttpCommandExecutor.java:136)
at org.openqa.selenium.remote.service.DriverCommandExecutor.execute(DriverCommandExecutor.java:83)
at org.openqa.selenium.remote.RemoteWebDriver.execute(RemoteWebDriver.java:552)
at org.openqa.selenium.remote.RemoteWebDriver.startSession(RemoteWebDriver.java:213)
at org.openqa.selenium.remote.RemoteWebDriver.<init>(RemoteWebDriver.java:131)
at org.openqa.selenium.chrome.ChromeDriver.<init>(ChromeDriver.java:181)
at org.openqa.selenium.chrome.ChromeDriver.<init>(ChromeDriver.java:168)
at org.openqa.selenium.chrome.ChromeDriver.<init>(ChromeDriver.java:123)
at GUIUtils.BrowserFactory.StartApp(BrowserFactory.java:16)
at GUIBase.Base.initilizeDriver(Base.java:45)
at sun.reflect.NativeMethodAccessorImpl.invoke0(Native Method)
at sun.reflect.NativeMethodAccessorImpl.invoke(NativeMethodAccessorImpl.java:62)
at sun.reflect.DelegatingMethodAccessorImpl.invoke(DelegatingMethodAccessorImpl.java:43)
at java.lang.reflect.Method.invoke(Method.java:498)
at org.testng.internal.MethodInvocationHelper.invokeMethod(MethodInvocationHelper.java:134)
at org.testng.internal.MethodInvocationHelper.invokeMethodConsideringTimeout(MethodInvocationHelper.java:63)
at org.testng.internal.ConfigInvoker.invokeConfigurationMethod(ConfigInvoker.java:348)
at org.testng.internal.ConfigInvoker.invokeConfigurations(ConfigInvoker.java:302)
at org.testng.internal.TestInvoker.runConfigMethods(TestInvoker.java:695)
at org.testng.internal.TestInvoker.invokeMethod(TestInvoker.java:523)
at org.testng.internal.TestInvoker.invokeTestMethod(TestInvoker.java:173)
at org.testng.internal.MethodRunner.runInSequence(MethodRunner.java:46)
at org.testng.internal.TestInvoker$MethodInvocationAgent.invoke(TestInvoker.java:816)
at org.testng.internal.TestInvoker.invokeTestMethods(TestInvoker.java:146)
at org.testng.internal.TestMethodWorker.invokeTestMethods(TestMethodWorker.java:146)
at org.testng.internal.TestMethodWorker.run(TestMethodWorker.java:128)
at java.util.ArrayList.forEach(ArrayList.java:1259)
at org.testng.TestRunner.privateRun(TestRunner.java:766)
at org.testng.TestRunner.run(TestRunner.java:587)
at org.testng.SuiteRunner.runTest(SuiteRunner.java:384)
at org.testng.SuiteRunner.access$000(SuiteRunner.java:28)
at org.testng.SuiteRunner$SuiteWorker.run(SuiteRunner.java:425)
at org.testng.internal.thread.ThreadUtil.lambda$execute$0(ThreadUtil.java:68)
at java.util.concurrent.FutureTask.run(FutureTask.java:266)
at java.util.concurrent.ThreadPoolExecutor.runWorker(ThreadPoolExecutor.java:1149)
at java.util.concurrent.ThreadPoolExecutor$Worker.run(ThreadPoolExecutor.java:624)
at java.lang.Thread.run(Thread.java:748)
]]>
            </full-stacktrace>
          </exception> <!-- org.openqa.selenium.SessionNotCreatedException -->
          <reporter-output>
          </reporter-output>
        </test-method> <!-- initilizeDriver -->
        <test-method status="SKIP" signature="RegisterUser(java.util.Map)[pri:0, instance:testCases.UsrRegistration@2b9627bc]" name="RegisterUser" duration-ms="0" started-at="2020-10-24T19:48:35 EDT" data-provider="Data" finished-at="2020-10-24T19:48:35 EDT">
          <exception class="org.openqa.selenium.SessionNotCreatedException">
            <message>
              <![CDATA[session not created: This version of ChromeDriver only supports Chrome version 83
Build info: version: '3.141.59', revision: 'e82be7d358', time: '2018-11-14T08:17:03'
System info: host: 'LAP-NJ-10065372', ip: '172.26.28.37', os.name: 'Windows 10', os.arch: 'amd64', os.version: '10.0', java.version: '1.8.0_261'
Driver info: driver.version: ChromeDriver
remote stacktrace: Backtrace:
Ordinal0 [0x012F9563+2725219]
Ordinal0 [0x011F8551+1672529]
Ordinal0 [0x010E0359+525145]
Ordinal0 [0x01070B77+68471]
Ordinal0 [0x0106D32C+54060]
Ordinal0 [0x0108CC37+183351]
Ordinal0 [0x0108CA3D+182845]
Ordinal0 [0x0108A94B+174411]
Ordinal0 [0x01072528+75048]
Ordinal0 [0x010735A0+79264]
Ordinal0 [0x01073539+79161]
Ordinal0 [0x0120D607+1758727]
GetHandleVerifier [0x01416546+1050150]
GetHandleVerifier [0x01416291+1049457]
GetHandleVerifier [0x014210D7+1094071]
GetHandleVerifier [0x01416B46+1051686]
Ordinal0 [0x01205B06+1727238]
Ordinal0 [0x0120EB7B+1764219]
Ordinal0 [0x0120ECE3+1764579]
Ordinal0 [0x01224C05+1854469]
BaseThreadInitThunk [0x77418494+36]
RtlAreBitsSet [0x77684328+136]
RtlAreBitsSet [0x776842F8+88]
]]>
            </message>
            <full-stacktrace>
              <![CDATA[org.openqa.selenium.SessionNotCreatedException: session not created: This version of ChromeDriver only supports Chrome version 83
Build info: version: '3.141.59', revision: 'e82be7d358', time: '2018-11-14T08:17:03'
System info: host: 'LAP-NJ-10065372', ip: '172.26.28.37', os.name: 'Windows 10', os.arch: 'amd64', os.version: '10.0', java.version: '1.8.0_261'
Driver info: driver.version: ChromeDriver
remote stacktrace: Backtrace:
Ordinal0 [0x012F9563+2725219]
Ordinal0 [0x011F8551+1672529]
Ordinal0 [0x010E0359+525145]
Ordinal0 [0x01070B77+68471]
Ordinal0 [0x0106D32C+54060]
Ordinal0 [0x0108CC37+183351]
Ordinal0 [0x0108CA3D+182845]
Ordinal0 [0x0108A94B+174411]
Ordinal0 [0x01072528+75048]
Ordinal0 [0x010735A0+79264]
Ordinal0 [0x01073539+79161]
Ordinal0 [0x0120D607+1758727]
GetHandleVerifier [0x01416546+1050150]
GetHandleVerifier [0x01416291+1049457]
GetHandleVerifier [0x014210D7+1094071]
GetHandleVerifier [0x01416B46+1051686]
Ordinal0 [0x01205B06+1727238]
Ordinal0 [0x0120EB7B+1764219]
Ordinal0 [0x0120ECE3+1764579]
Ordinal0 [0x01224C05+1854469]
BaseThreadInitThunk [0x77418494+36]
RtlAreBitsSet [0x77684328+136]
RtlAreBitsSet [0x776842F8+88]

at sun.reflect.NativeConstructorAccessorImpl.newInstance0(Native Method)
at sun.reflect.NativeConstructorAccessorImpl.newInstance(NativeConstructorAccessorImpl.java:62)
at sun.reflect.DelegatingConstructorAccessorImpl.newInstance(DelegatingConstructorAccessorImpl.java:45)
at java.lang.reflect.Constructor.newInstance(Constructor.java:423)
at org.openqa.selenium.remote.W3CHandshakeResponse.lambda$errorHandler$0(W3CHandshakeResponse.java:62)
at org.openqa.selenium.remote.HandshakeResponse.lambda$getResponseFunction$0(HandshakeResponse.java:30)
at org.openqa.selenium.remote.ProtocolHandshake.lambda$createSession$0(ProtocolHandshake.java:126)
at java.util.stream.ReferencePipeline$3$1.accept(ReferencePipeline.java:193)
at java.util.Spliterators$ArraySpliterator.tryAdvance(Spliterators.java:958)
at java.util.stream.ReferencePipeline.forEachWithCancel(ReferencePipeline.java:126)
at java.util.stream.AbstractPipeline.copyIntoWithCancel(AbstractPipeline.java:499)
at java.util.stream.AbstractPipeline.copyInto(AbstractPipeline.java:486)
at java.util.stream.AbstractPipeline.wrapAndCopyInto(AbstractPipeline.java:472)
at java.util.stream.FindOps$FindOp.evaluateSequential(FindOps.java:152)
at java.util.stream.AbstractPipeline.evaluate(AbstractPipeline.java:234)
at java.util.stream.ReferencePipeline.findFirst(ReferencePipeline.java:464)
at org.openqa.selenium.remote.ProtocolHandshake.createSession(ProtocolHandshake.java:128)
at org.openqa.selenium.remote.ProtocolHandshake.createSession(ProtocolHandshake.java:74)
at org.openqa.selenium.remote.HttpCommandExecutor.execute(HttpCommandExecutor.java:136)
at org.openqa.selenium.remote.service.DriverCommandExecutor.execute(DriverCommandExecutor.java:83)
at org.openqa.selenium.remote.RemoteWebDriver.execute(RemoteWebDriver.java:552)
at org.openqa.selenium.remote.RemoteWebDriver.startSession(RemoteWebDriver.java:213)
at org.openqa.selenium.remote.RemoteWebDriver.<init>(RemoteWebDriver.java:131)
at org.openqa.selenium.chrome.ChromeDriver.<init>(ChromeDriver.java:181)
at org.openqa.selenium.chrome.ChromeDriver.<init>(ChromeDriver.java:168)
at org.openqa.selenium.chrome.ChromeDriver.<init>(ChromeDriver.java:123)
at GUIUtils.BrowserFactory.StartApp(BrowserFactory.java:16)
at GUIBase.Base.initilizeDriver(Base.java:45)
at sun.reflect.NativeMethodAccessorImpl.invoke0(Native Method)
at sun.reflect.NativeMethodAccessorImpl.invoke(NativeMethodAccessorImpl.java:62)
at sun.reflect.DelegatingMethodAccessorImpl.invoke(DelegatingMethodAccessorImpl.java:43)
at java.lang.reflect.Method.invoke(Method.java:498)
at org.testng.internal.MethodInvocationHelper.invokeMethod(MethodInvocationHelper.java:134)
at org.testng.internal.MethodInvocationHelper.invokeMethodConsideringTimeout(MethodInvocationHelper.java:63)
at org.testng.internal.ConfigInvoker.invokeConfigurationMethod(ConfigInvoker.java:348)
at org.testng.internal.ConfigInvoker.invokeConfigurations(ConfigInvoker.java:302)
at org.testng.internal.TestInvoker.runConfigMethods(TestInvoker.java:695)
at org.testng.internal.TestInvoker.invokeMethod(TestInvoker.java:523)
at org.testng.internal.TestInvoker.invokeTestMethod(TestInvoker.java:173)
at org.testng.internal.MethodRunner.runInSequence(MethodRunner.java:46)
at org.testng.internal.TestInvoker$MethodInvocationAgent.invoke(TestInvoker.java:816)
at org.testng.internal.TestInvoker.invokeTestMethods(TestInvoker.java:146)
at org.testng.internal.TestMethodWorker.invokeTestMethods(TestMethodWorker.java:146)
at org.testng.internal.TestMethodWorker.run(TestMethodWorker.java:128)
at java.util.ArrayList.forEach(ArrayList.java:1259)
at org.testng.TestRunner.privateRun(TestRunner.java:766)
at org.testng.TestRunner.run(TestRunner.java:587)
at org.testng.SuiteRunner.runTest(SuiteRunner.java:384)
at org.testng.SuiteRunner.access$000(SuiteRunner.java:28)
at org.testng.SuiteRunner$SuiteWorker.run(SuiteRunner.java:425)
at org.testng.internal.thread.ThreadUtil.lambda$execute$0(ThreadUtil.java:68)
at java.util.concurrent.FutureTask.run(FutureTask.java:266)
at java.util.concurrent.ThreadPoolExecutor.runWorker(ThreadPoolExecutor.java:1149)
at java.util.concurrent.ThreadPoolExecutor$Worker.run(ThreadPoolExecutor.java:624)
at java.lang.Thread.run(Thread.java:748)
]]>
            </full-stacktrace>
          </exception> <!-- org.openqa.selenium.SessionNotCreatedException -->
          <reporter-output>
          </reporter-output>
        </test-method> <!-- RegisterUser -->
        <test-method status="SKIP" signature="quitDriver(org.testng.ITestResult)[pri:0, instance:testCases.UsrRegistration@2b9627bc]" name="quitDriver" is-config="true" duration-ms="-1603583315459" started-at="2020-10-24T19:48:35 EDT" finished-at="1969-12-31T19:00:00 EST">
          <reporter-output>
          </reporter-output>
        </test-method> <!-- quitDriver -->
        <test-method status="SKIP" signature="RegisterUser(java.util.Map)[pri:0, instance:testCases.UsrRegistration@2b9627bc]" name="RegisterUser" duration-ms="0" started-at="2020-10-24T19:48:35 EDT" data-provider="Data" finished-at="2020-10-24T19:48:35 EDT">
          <exception class="org.openqa.selenium.SessionNotCreatedException">
            <message>
              <![CDATA[session not created: This version of ChromeDriver only supports Chrome version 83
Build info: version: '3.141.59', revision: 'e82be7d358', time: '2018-11-14T08:17:03'
System info: host: 'LAP-NJ-10065372', ip: '172.26.28.37', os.name: 'Windows 10', os.arch: 'amd64', os.version: '10.0', java.version: '1.8.0_261'
Driver info: driver.version: ChromeDriver
remote stacktrace: Backtrace:
Ordinal0 [0x012F9563+2725219]
Ordinal0 [0x011F8551+1672529]
Ordinal0 [0x010E0359+525145]
Ordinal0 [0x01070B77+68471]
Ordinal0 [0x0106D32C+54060]
Ordinal0 [0x0108CC37+183351]
Ordinal0 [0x0108CA3D+182845]
Ordinal0 [0x0108A94B+174411]
Ordinal0 [0x01072528+75048]
Ordinal0 [0x010735A0+79264]
Ordinal0 [0x01073539+79161]
Ordinal0 [0x0120D607+1758727]
GetHandleVerifier [0x01416546+1050150]
GetHandleVerifier [0x01416291+1049457]
GetHandleVerifier [0x014210D7+1094071]
GetHandleVerifier [0x01416B46+1051686]
Ordinal0 [0x01205B06+1727238]
Ordinal0 [0x0120EB7B+1764219]
Ordinal0 [0x0120ECE3+1764579]
Ordinal0 [0x01224C05+1854469]
BaseThreadInitThunk [0x77418494+36]
RtlAreBitsSet [0x77684328+136]
RtlAreBitsSet [0x776842F8+88]
]]>
            </message>
            <full-stacktrace>
              <![CDATA[org.openqa.selenium.SessionNotCreatedException: session not created: This version of ChromeDriver only supports Chrome version 83
Build info: version: '3.141.59', revision: 'e82be7d358', time: '2018-11-14T08:17:03'
System info: host: 'LAP-NJ-10065372', ip: '172.26.28.37', os.name: 'Windows 10', os.arch: 'amd64', os.version: '10.0', java.version: '1.8.0_261'
Driver info: driver.version: ChromeDriver
remote stacktrace: Backtrace:
Ordinal0 [0x012F9563+2725219]
Ordinal0 [0x011F8551+1672529]
Ordinal0 [0x010E0359+525145]
Ordinal0 [0x01070B77+68471]
Ordinal0 [0x0106D32C+54060]
Ordinal0 [0x0108CC37+183351]
Ordinal0 [0x0108CA3D+182845]
Ordinal0 [0x0108A94B+174411]
Ordinal0 [0x01072528+75048]
Ordinal0 [0x010735A0+79264]
Ordinal0 [0x01073539+79161]
Ordinal0 [0x0120D607+1758727]
GetHandleVerifier [0x01416546+1050150]
GetHandleVerifier [0x01416291+1049457]
GetHandleVerifier [0x014210D7+1094071]
GetHandleVerifier [0x01416B46+1051686]
Ordinal0 [0x01205B06+1727238]
Ordinal0 [0x0120EB7B+1764219]
Ordinal0 [0x0120ECE3+1764579]
Ordinal0 [0x01224C05+1854469]
BaseThreadInitThunk [0x77418494+36]
RtlAreBitsSet [0x77684328+136]
RtlAreBitsSet [0x776842F8+88]

at sun.reflect.NativeConstructorAccessorImpl.newInstance0(Native Method)
at sun.reflect.NativeConstructorAccessorImpl.newInstance(NativeConstructorAccessorImpl.java:62)
at sun.reflect.DelegatingConstructorAccessorImpl.newInstance(DelegatingConstructorAccessorImpl.java:45)
at java.lang.reflect.Constructor.newInstance(Constructor.java:423)
at org.openqa.selenium.remote.W3CHandshakeResponse.lambda$errorHandler$0(W3CHandshakeResponse.java:62)
at org.openqa.selenium.remote.HandshakeResponse.lambda$getResponseFunction$0(HandshakeResponse.java:30)
at org.openqa.selenium.remote.ProtocolHandshake.lambda$createSession$0(ProtocolHandshake.java:126)
at java.util.stream.ReferencePipeline$3$1.accept(ReferencePipeline.java:193)
at java.util.Spliterators$ArraySpliterator.tryAdvance(Spliterators.java:958)
at java.util.stream.ReferencePipeline.forEachWithCancel(ReferencePipeline.java:126)
at java.util.stream.AbstractPipeline.copyIntoWithCancel(AbstractPipeline.java:499)
at java.util.stream.AbstractPipeline.copyInto(AbstractPipeline.java:486)
at java.util.stream.AbstractPipeline.wrapAndCopyInto(AbstractPipeline.java:472)
at java.util.stream.FindOps$FindOp.evaluateSequential(FindOps.java:152)
at java.util.stream.AbstractPipeline.evaluate(AbstractPipeline.java:234)
at java.util.stream.ReferencePipeline.findFirst(ReferencePipeline.java:464)
at org.openqa.selenium.remote.ProtocolHandshake.createSession(ProtocolHandshake.java:128)
at org.openqa.selenium.remote.ProtocolHandshake.createSession(ProtocolHandshake.java:74)
at org.openqa.selenium.remote.HttpCommandExecutor.execute(HttpCommandExecutor.java:136)
at org.openqa.selenium.remote.service.DriverCommandExecutor.execute(DriverCommandExecutor.java:83)
at org.openqa.selenium.remote.RemoteWebDriver.execute(RemoteWebDriver.java:552)
at org.openqa.selenium.remote.RemoteWebDriver.startSession(RemoteWebDriver.java:213)
at org.openqa.selenium.remote.RemoteWebDriver.<init>(RemoteWebDriver.java:131)
at org.openqa.selenium.chrome.ChromeDriver.<init>(ChromeDriver.java:181)
at org.openqa.selenium.chrome.ChromeDriver.<init>(ChromeDriver.java:168)
at org.openqa.selenium.chrome.ChromeDriver.<init>(ChromeDriver.java:123)
at GUIUtils.BrowserFactory.StartApp(BrowserFactory.java:16)
at GUIBase.Base.initilizeDriver(Base.java:45)
at sun.reflect.NativeMethodAccessorImpl.invoke0(Native Method)
at sun.reflect.NativeMethodAccessorImpl.invoke(NativeMethodAccessorImpl.java:62)
at sun.reflect.DelegatingMethodAccessorImpl.invoke(DelegatingMethodAccessorImpl.java:43)
at java.lang.reflect.Method.invoke(Method.java:498)
at org.testng.internal.MethodInvocationHelper.invokeMethod(MethodInvocationHelper.java:134)
at org.testng.internal.MethodInvocationHelper.invokeMethodConsideringTimeout(MethodInvocationHelper.java:63)
at org.testng.internal.ConfigInvoker.invokeConfigurationMethod(ConfigInvoker.java:348)
at org.testng.internal.ConfigInvoker.invokeConfigurations(ConfigInvoker.java:302)
at org.testng.internal.TestInvoker.runConfigMethods(TestInvoker.java:695)
at org.testng.internal.TestInvoker.invokeMethod(TestInvoker.java:523)
at org.testng.internal.TestInvoker.invokeTestMethod(TestInvoker.java:173)
at org.testng.internal.MethodRunner.runInSequence(MethodRunner.java:46)
at org.testng.internal.TestInvoker$MethodInvocationAgent.invoke(TestInvoker.java:816)
at org.testng.internal.TestInvoker.invokeTestMethods(TestInvoker.java:146)
at org.testng.internal.TestMethodWorker.invokeTestMethods(TestMethodWorker.java:146)
at org.testng.internal.TestMethodWorker.run(TestMethodWorker.java:128)
at java.util.ArrayList.forEach(ArrayList.java:1259)
at org.testng.TestRunner.privateRun(TestRunner.java:766)
at org.testng.TestRunner.run(TestRunner.java:587)
at org.testng.SuiteRunner.runTest(SuiteRunner.java:384)
at org.testng.SuiteRunner.access$000(SuiteRunner.java:28)
at org.testng.SuiteRunner$SuiteWorker.run(SuiteRunner.java:425)
at org.testng.internal.thread.ThreadUtil.lambda$execute$0(ThreadUtil.java:68)
at java.util.concurrent.FutureTask.run(FutureTask.java:266)
at java.util.concurrent.ThreadPoolExecutor.runWorker(ThreadPoolExecutor.java:1149)
at java.util.concurrent.ThreadPoolExecutor$Worker.run(ThreadPoolExecutor.java:624)
at java.lang.Thread.run(Thread.java:748)
]]>
            </full-stacktrace>
          </exception> <!-- org.openqa.selenium.SessionNotCreatedException -->
          <reporter-output>
          </reporter-output>
        </test-method> <!-- RegisterUser -->
        <test-method status="SKIP" signature="initilizeDriver()[pri:0, instance:testCases.UsrRegistration@2b9627bc]" name="initilizeDriver" is-config="true" duration-ms="-1603583315460" started-at="2020-10-24T19:48:35 EDT" finished-at="1969-12-31T19:00:00 EST">
          <reporter-output>
          </reporter-output>
        </test-method> <!-- initilizeDriver -->
        <test-method status="SKIP" signature="quitDriver(org.testng.ITestResult)[pri:0, instance:testCases.UsrRegistration@2b9627bc]" name="quitDriver" is-config="true" duration-ms="-1603583315461" started-at="2020-10-24T19:48:35 EDT" finished-at="1969-12-31T19:00:00 EST">
          <reporter-output>
          </reporter-output>
        </test-method> <!-- quitDriver -->
      </class> <!-- testCases.UsrRegistration -->
    </test> <!-- User_Registration -->
  </suite> <!-- Suite -->
</testng-results>
