<?xml version="1.0" encoding="UTF-8"?>
<!-- Generated by org.testng.reporters.JUnitXMLReporter -->
<testsuite hostname="LAP-NJ-10065372" ignored="0" name="Book a Flight" tests="4" failures="0" timestamp="2020-10-24T19:48:35 EDT" time="10.035" errors="0">
  <testcase name="@BeforeMethod initilizeDriver" time="8.8" classname="GUIBase.Base">
    <failure type="org.openqa.selenium.SessionNotCreatedException" message="session not created: This version of ChromeDriver only supports Chrome version 83
Build info: version: &amp;apos;3.141.59&amp;apos;, revision: &amp;apos;e82be7d358&amp;apos;, time: &amp;apos;2018-11-14T08:17:03&amp;apos;
System info: host: &amp;apos;LAP-NJ-10065372&amp;apos;, ip: &amp;apos;172.26.28.37&amp;apos;, os.name: &amp;apos;Windows 10&amp;apos;, os.arch: &amp;apos;amd64&amp;apos;, os.version: &amp;apos;10.0&amp;apos;, java.version: &amp;apos;1.8.0_261&amp;apos;
Driver info: driver.version: ChromeDriver
remote stacktrace: Backtrace:
	Ordinal0 [0x012F9563+2725219]
	Ordinal0 [0x011F8551+1672529]
	Ordinal0 [0x010E0359+525145]
	Ordinal0 [0x01070B77+68471]
	Ordinal0 [0x0106D32C+54060]
	Ordinal0 [0x0108CC37+183351]
	Ordinal0 [0x0108CA3D+182845]
	Ordinal0 [0x0108A94B+174411]
	Ordinal0 [0x01072528+75048]
	Ordinal0 [0x010735A0+79264]
	Ordinal0 [0x01073539+79161]
	Ordinal0 [0x0120D607+1758727]
	GetHandleVerifier [0x01416546+1050150]
	GetHandleVerifier [0x01416291+1049457]
	GetHandleVerifier [0x014210D7+1094071]
	GetHandleVerifier [0x01416B46+1051686]
	Ordinal0 [0x01205B06+1727238]
	Ordinal0 [0x0120EB7B+1764219]
	Ordinal0 [0x0120ECE3+1764579]
	Ordinal0 [0x01224C05+1854469]
	BaseThreadInitThunk [0x77418494+36]
	RtlAreBitsSet [0x77684328+136]
	RtlAreBitsSet [0x776842F8+88]
">
      <![CDATA[org.openqa.selenium.SessionNotCreatedException: session not created: This version of ChromeDriver only supports Chrome version 83
Build info: version: '3.141.59', revision: 'e82be7d358', time: '2018-11-14T08:17:03'
System info: host: 'LAP-NJ-10065372', ip: '172.26.28.37', os.name: 'Windows 10', os.arch: 'amd64', os.version: '10.0', java.version: '1.8.0_261'
Driver info: driver.version: ChromeDriver
remote stacktrace: Backtrace:
Ordinal0 [0x012F9563+2725219]
Ordinal0 [0x011F8551+1672529]
Ordinal0 [0x010E0359+525145]
Ordinal0 [0x01070B77+68471]
Ordinal0 [0x0106D32C+54060]
Ordinal0 [0x0108CC37+183351]
Ordinal0 [0x0108CA3D+182845]
Ordinal0 [0x0108A94B+174411]
Ordinal0 [0x01072528+75048]
Ordinal0 [0x010735A0+79264]
Ordinal0 [0x01073539+79161]
Ordinal0 [0x0120D607+1758727]
GetHandleVerifier [0x01416546+1050150]
GetHandleVerifier [0x01416291+1049457]
GetHandleVerifier [0x014210D7+1094071]
GetHandleVerifier [0x01416B46+1051686]
Ordinal0 [0x01205B06+1727238]
Ordinal0 [0x0120EB7B+1764219]
Ordinal0 [0x0120ECE3+1764579]
Ordinal0 [0x01224C05+1854469]
BaseThreadInitThunk [0x77418494+36]
RtlAreBitsSet [0x77684328+136]
RtlAreBitsSet [0x776842F8+88]

at org.openqa.selenium.remote.W3CHandshakeResponse.lambda$errorHandler$0(W3CHandshakeResponse.java:62)
at org.openqa.selenium.remote.HandshakeResponse.lambda$getResponseFunction$0(HandshakeResponse.java:30)
at org.openqa.selenium.remote.ProtocolHandshake.lambda$createSession$0(ProtocolHandshake.java:126)
at java.util.stream.ReferencePipeline$3$1.accept(ReferencePipeline.java:193)
at java.util.Spliterators$ArraySpliterator.tryAdvance(Spliterators.java:958)
at java.util.stream.ReferencePipeline.forEachWithCancel(ReferencePipeline.java:126)
at java.util.stream.AbstractPipeline.copyIntoWithCancel(AbstractPipeline.java:499)
at java.util.stream.AbstractPipeline.copyInto(AbstractPipeline.java:486)
at java.util.stream.AbstractPipeline.wrapAndCopyInto(AbstractPipeline.java:472)
at java.util.stream.FindOps$FindOp.evaluateSequential(FindOps.java:152)
at java.util.stream.AbstractPipeline.evaluate(AbstractPipeline.java:234)
at java.util.stream.ReferencePipeline.findFirst(ReferencePipeline.java:464)
at org.openqa.selenium.remote.ProtocolHandshake.createSession(ProtocolHandshake.java:128)
at org.openqa.selenium.remote.ProtocolHandshake.createSession(ProtocolHandshake.java:74)
at org.openqa.selenium.remote.HttpCommandExecutor.execute(HttpCommandExecutor.java:136)
at org.openqa.selenium.remote.service.DriverCommandExecutor.execute(DriverCommandExecutor.java:83)
at org.openqa.selenium.remote.RemoteWebDriver.execute(RemoteWebDriver.java:552)
at org.openqa.selenium.remote.RemoteWebDriver.startSession(RemoteWebDriver.java:213)
at org.openqa.selenium.remote.RemoteWebDriver.<init>(RemoteWebDriver.java:131)
at org.openqa.selenium.chrome.ChromeDriver.<init>(ChromeDriver.java:181)
at org.openqa.selenium.chrome.ChromeDriver.<init>(ChromeDriver.java:168)
at org.openqa.selenium.chrome.ChromeDriver.<init>(ChromeDriver.java:123)
at GUIUtils.BrowserFactory.StartApp(BrowserFactory.java:16)
at GUIBase.Base.initilizeDriver(Base.java:45)
at java.util.ArrayList.forEach(ArrayList.java:1259)
at java.util.concurrent.FutureTask.run(FutureTask.java:266)
at java.util.concurrent.ThreadPoolExecutor.runWorker(ThreadPoolExecutor.java:1149)
at java.util.concurrent.ThreadPoolExecutor$Worker.run(ThreadPoolExecutor.java:624)
at java.lang.Thread.run(Thread.java:748)
... Removed 26 stack frames]]>
    </failure>
  </testcase> <!-- @BeforeMethod initilizeDriver -->
  <testcase name="@AfterMethod quitDriver" time="-1.6035833155E9" classname="GUIBase.Base">
    <skipped/>
  </testcase> <!-- @AfterMethod quitDriver -->
  <testcase name="@BeforeMethod initilizeDriver" time="-1.603583315502E9" classname="GUIBase.Base">
    <skipped/>
  </testcase> <!-- @BeforeMethod initilizeDriver -->
  <testcase name="@AfterMethod quitDriver" time="-1.603583315504E9" classname="GUIBase.Base">
    <skipped/>
  </testcase> <!-- @AfterMethod quitDriver -->
  <testcase name="RegisterUser" time="0.0" classname="testCases.UsrRegistration">
    <skipped/>
  </testcase> <!-- RegisterUser -->
  <testcase name="RegisterUser" time="0.0" classname="testCases.UsrRegistration">
    <skipped/>
  </testcase> <!-- RegisterUser -->
  <testcase name="BookFlight" time="0.0" classname="testCases.FlightBook">
    <skipped/>
  </testcase> <!-- BookFlight -->
  <testcase name="BookFlight" time="0.0" classname="testCases.FlightBook">
    <skipped/>
  </testcase> <!-- BookFlight -->
</testsuite> <!-- Book a Flight -->
